<?xml version="1.0" encoding="UTF-8"?>
<testsuite name="com.aj.playground.CallByReferenceCheckingTest" tests="4" skipped="0" failures="0" errors="0" timestamp="2020-06-12T04:49:21" hostname="Tanmays-MBP" time="0.004">
  <properties/>
  <testcase name="testValueOnPassingReference" classname="com.aj.playground.CallByReferenceCheckingTest" time="0.003"/>
  <testcase name="testValueOnPassingTrue" classname="com.aj.playground.CallByReferenceCheckingTest" time="0.001"/>
  <testcase name="testValueOnPassingReferenceAfterUpdatingReferenceValue" classname="com.aj.playground.CallByReferenceCheckingTest" time="0.0"/>
  <testcase name="whatHappensWhenValueUpdatedAfterPassingPrimitiveBoolean" classname="com.aj.playground.CallByReferenceCheckingTest" time="0.0"/>
  <system-out><![CDATA[]]></system-out>
  <system-err><![CDATA[]]></system-err>
</testsuite>
